Using pre-set license
Built from '6000.2/respin/6000.2.0b1-1618a92a88ac' branch; Version is '6000.2.0b1 (d17678da8412) revision 13727352'; Using compiler version '194234433'; Build Type 'Release'
OS: 'Windows 10  (10.0.19045) 64bit Professional' Language: 'en' Physical Memory: 24408 MB
BatchMode: 1, IsHumanControllingUs: 0, StartBugReporterOnCrash: 0, Is64bit: 1
Date: 2025-06-30T03:04:28Z

COMMAND LINE ARGUMENTS:
D:\App\6000.2.0b1\Editor\Unity.exe
-adb2
-batchMode
-noUpm
-name
AssetImportWorker0
-projectPath
D:/App/Unity project/Test Stuff
-logFile
Logs/AssetImportWorker0.log
-srvPort
1997
-job-worker-count
5
-background-job-worker-count
8
-gc-helper-count
1
-name
AssetImport
Successfully changed project path to: D:/App/Unity project/Test Stuff
D:/App/Unity project/Test Stuff
[UnityMemory] Configuration Parameters - Can be set up in boot.config
    "memorysetup-allocator-temp-initial-block-size-main=262144"
    "memorysetup-allocator-temp-initial-block-size-worker=262144"
    "memorysetup-bucket-allocator-granularity=16"
    "memorysetup-bucket-allocator-bucket-count=8"
    "memorysetup-bucket-allocator-block-size=33554432"
    "memorysetup-bucket-allocator-block-count=8"
    "memorysetup-main-allocator-block-size=16777216"
    "memorysetup-thread-allocator-block-size=16777216"
    "memorysetup-gfx-main-allocator-block-size=16777216"
    "memorysetup-gfx-thread-allocator-block-size=16777216"
    "memorysetup-cache-allocator-block-size=4194304"
    "memorysetup-typetree-allocator-block-size=2097152"
    "memorysetup-profiler-bucket-allocator-granularity=16"
    "memorysetup-profiler-bucket-allocator-bucket-count=8"
    "memorysetup-profiler-bucket-allocator-block-size=33554432"
    "memorysetup-profiler-bucket-allocator-block-count=8"
    "memorysetup-profiler-allocator-block-size=16777216"
    "memorysetup-profiler-editor-allocator-block-size=1048576"
    "memorysetup-temp-allocator-size-main=16777216"
    "memorysetup-job-temp-allocator-block-size=2097152"
    "memorysetup-job-temp-allocator-block-size-background=1048576"
    "memorysetup-job-temp-allocator-reduction-small-platforms=262144"
    "memorysetup-temp-allocator-size-background-worker=32768"
    "memorysetup-temp-allocator-size-job-worker=262144"
    "memorysetup-temp-allocator-size-preload-manager=33554432"
    "memorysetup-temp-allocator-size-nav-mesh-worker=65536"
    "memorysetup-temp-allocator-size-audio-worker=65536"
    "memorysetup-temp-allocator-size-cloud-worker=32768"
    "memorysetup-temp-allocator-size-gi-baking-worker=262144"
    "memorysetup-temp-allocator-size-gi-baking-worker=262144"
    "memorysetup-temp-allocator-size-gi-baking-worker=262144"
    "memorysetup-temp-allocator-size-gi-baking-worker=262144"
    "memorysetup-temp-allocator-size-gi-baking-worker=262144"
    "memorysetup-temp-allocator-size-gfx=262144"
Player connection [6972]  Target information:

Player connection [6972]  * "[IP] 192.168.31.213 [Port] 0 [Flags] 2 [Guid] 3226693416 [EditorId] 3226693416 [Version] 1048832 [Id] WindowsEditor(7,DESKTOP-EDCSGQJ) [Debug] 1 [PackageName] WindowsEditor [ProjectName] Editor" 

Player connection [6972]  * "[IP] 192.168.56.1 [Port] 0 [Flags] 2 [Guid] 3226693416 [EditorId] 3226693416 [Version] 1048832 [Id] WindowsEditor(7,DESKTOP-EDCSGQJ) [Debug] 1 [PackageName] WindowsEditor [ProjectName] Editor" 

Player connection [6972] Host joined multi-casting on [225.0.0.222:54997]...
Player connection [6972] Host joined alternative multi-casting on [225.0.0.222:34997]...
JobSystem: Creating JobQueue using job-worker-count value 5
Input System module state changed to: Initialized.
[Physics::Module] Initialized fallback backend.
[Physics::Module] Id: 0xdecafbad
Library Redirect Path: Library/
[Physics::Module] Selected backend.
[Physics::Module] Name: PhysX
[Physics::Module] Id: 0xf2b8ea05
[Physics::Module] SDK Version: 4.1.2
[Physics::Module] Integration Version: 1.0.0
[Physics::Module] Threading Mode: Multi-Threaded
Refreshing native plugins compatible for Editor in 2.81 ms, found 5 plugins.
Preloading 0 native plugins for Editor in 0.00 ms.
Initialize engine version: 6000.2.0b1 (d17678da8412)
[Subsystems] Discovering subsystems at path D:/App/6000.2.0b1/Editor/Data/Resources/UnitySubsystems
[Subsystems] Discovering subsystems at path D:/App/Unity project/Test Stuff/Assets
GfxDevice: creating device client; kGfxThreadingModeNonThreaded
Direct3D:
    Version:  Direct3D 11.0 [level 11.1]
    Renderer: AMD Radeon RX 6500 XT (ID=0x743f)
    Vendor:   ATI
    VRAM:     4050 MB
    Driver:   32.0.21013.1000
Initialize mono
Mono path[0] = 'D:/App/6000.2.0b1/Editor/Data/Managed'
Mono path[1] = 'D:/App/6000.2.0b1/Editor/Data/MonoBleedingEdge/lib/mono/unityjit-win32'
Mono config path = 'D:/App/6000.2.0b1/Editor/Data/MonoBleedingEdge/etc'
Using monoOptions --debugger-agent=transport=dt_socket,embedding=1,server=y,suspend=n,address=127.0.0.1:56488
Begin MonoManager ReloadAssembly
Registering precompiled unity dll's ...
Register platform support module: D:/App/6000.2.0b1/Editor/Data/PlaybackEngines/WindowsStandaloneSupport/UnityEditor.WindowsStandalone.Extensions.dll
Registered in 0.000993 seconds.
- Loaded All Assemblies, in  0.302 seconds
Native extension for WindowsStandalone target not found
Mono: successfully reloaded assembly
- Finished resetting the current domain, in  0.293 seconds
Domain Reload Profiling: 594ms
	BeginReloadAssembly (102ms)
		ExecutionOrderSort (0ms)
		DisableScriptedObjects (0ms)
		BackupInstance (0ms)
		ReleaseScriptingObjects (0ms)
		CreateAndSetChildDomain (1ms)
	RebuildCommonClasses (28ms)
	RebuildNativeTypeToScriptingClass (10ms)
	initialDomainReloadingComplete (36ms)
	LoadAllAssembliesAndSetupDomain (125ms)
		LoadAssemblies (102ms)
		RebuildTransferFunctionScriptingTraits (0ms)
		AnalyzeDomain (123ms)
			TypeCache.Refresh (122ms)
				TypeCache.ScanAssembly (111ms)
			BuildScriptInfoCaches (0ms)
			ResolveRequiredComponents (1ms)
	FinalizeReload (293ms)
		ReleaseScriptCaches (0ms)
		RebuildScriptCaches (0ms)
		SetupLoadedEditorAssemblies (249ms)
			LogAssemblyErrors (0ms)
			InitializePlatformSupportModulesInManaged (40ms)
			SetLoadedEditorAssemblies (4ms)
			BeforeProcessingInitializeOnLoad (54ms)
			ProcessInitializeOnLoadAttributes (107ms)
			ProcessInitializeOnLoadMethodAttributes (44ms)
			AfterProcessingInitializeOnLoad (0ms)
			EditorAssembliesLoaded (0ms)
		ExecutionOrderSort2 (0ms)
		AwakeInstancesAfterBackupRestoration (0ms)
Assembly reference Packages/com.unity.cinemachine/Editor/Samples/ExposeHDRPInternals/HDRP-Editor-ref.asmref has no target assembly definition
========================================================================
Worker process is ready to serve import requests
Import Worker Mode flag is 0x00
Assembly reference Packages/com.unity.cinemachine/Editor/Samples/ExposeHDRPInternals/HDRP-Editor-ref.asmref has no target assembly definition
Assembly reference Packages/com.unity.cinemachine/Editor/Samples/ExposeHDRPInternals/HDRP-Editor-ref.asmref has no target assembly definition
Begin MonoManager ReloadAssembly
Duplicate assembly 'System.Runtime.CompilerServices.Unsafe.dll' with different versions detected, using 'Packages/com.unity.collections/Unity.Collections.Tests/System.Runtime.CompilerServices.Unsafe/System.Runtime.CompilerServices.Unsafe.dll, AssemblyName=System.Runtime.CompilerServices.Unsafe, Version=6.0.0.0, Culture=neutral, PublicKeyToken=b03f5f7f11d50a3a' and ignoring 'Packages/com.unity.ai.assistant/Plugins/Markdig/Dependencies/System.Runtime.CompilerServices.Unsafe.dll, AssemblyName=System.Runtime.CompilerServices.Unsafe, Version=4.0.6.0, Culture=neutral, PublicKeyToken=b03f5f7f11d50a3a'.Symbol file LoadedFromMemory is not a mono symbol file
Symbol file LoadedFromMemory is not a mono symbol file
- Loaded All Assemblies, in  0.983 seconds
Assembly reference Packages/com.unity.cinemachine/Editor/Samples/ExposeHDRPInternals/HDRP-Editor-ref.asmref has no target assembly definition
'Packages/com.unity.cinemachine/Editor/Obsolete/CinemachineVirtualCameraBaseEditor.cs' contains partial class of Unity.Object, exactly 1 of the partial classes needs to be in a file with the same filename. This is to know the one that can be referenced from ie. GameObjects
'Packages/com.unity.cinemachine/Editor/Editors/CinemachineVirtualCameraBaseEditor.cs' contains partial class of Unity.Object, exactly 1 of the partial classes needs to be in a file with the same filename. This is to know the one that can be referenced from ie. GameObjects
Refreshing native plugins compatible for Editor in 1.26 ms, found 5 plugins.
Native extension for WindowsStandalone target not found
Assembly reference Packages/com.unity.cinemachine/Editor/Samples/ExposeHDRPInternals/HDRP-Editor-ref.asmref has no target assembly definition
Package Manager log level set to [2]
[Package Manager] Failed to launch server process. Reason: Unity was launched with the -noUpm command-line argument
[Package Manager] Unable to send message (not connected to server process).
[Package Manager] Cannot connect to Unity Package Manager local server
Failed to list local packages
UnityEngine.Debug:ExtractStackTraceNoAlloc (byte*,int,string)
UnityEngine.StackTraceUtility:ExtractStackTrace ()
UnityEngine.DebugLogHandler:Internal_Log (UnityEngine.LogType,UnityEngine.LogOption,string,UnityEngine.Object)
UnityEngine.DebugLogHandler:LogFormat (UnityEngine.LogType,UnityEngine.Object,string,object[])
UnityEngine.Logger:Log (UnityEngine.LogType,object)
UnityEngine.Debug:LogError (object)
UnityEditor.U2D.Sprites.AIIntegration.AIIntegration:Install2DEnhancerPackage () (at ./Library/PackageCache/com.unity.2d.sprite@ab3329688005/Editor/AIIntegration/AIIntegration.cs:29)
UnityEditor.U2D.Sprites.AIIntegration.AIIntegration:.cctor () (at ./Library/PackageCache/com.unity.2d.sprite@ab3329688005/Editor/AIIntegration/AIIntegration.cs:20)
System.Runtime.CompilerServices.RuntimeHelpers:RunClassConstructor (System.RuntimeTypeHandle)
UnityEditor.EditorAssemblies:ProcessInitializeOnLoadAttributes (System.Type[])

(Filename: ./Library/PackageCache/com.unity.2d.sprite@ab3329688005/Editor/AIIntegration/AIIntegration.cs Line: 29)

System.ArgumentNullException: Value cannot be null.
Parameter name: collection
  at System.Collections.Generic.List`1[T]..ctor (System.Collections.Generic.IEnumerable`1[T] collection) [0x00009] in <b9a700c96f8049b6b8601ee661be52d7>:0 
  at UnityEditor.U2D.Sprites.AIIntegration.AIIntegration.Install2DEnhancerPackage () [0x00037] in .\Library\PackageCache\com.unity.2d.sprite@ab3329688005\Editor\AIIntegration\AIIntegration.cs:31 
  at UnityEditor.U2D.Sprites.AIIntegration.AIIntegration..cctor () [0x00017] in .\Library\PackageCache\com.unity.2d.sprite@ab3329688005\Editor\AIIntegration\AIIntegration.cs:20 
UnityEngine.Debug:ExtractStackTraceNoAlloc (byte*,int,string)
UnityEngine.StackTraceUtility:ExtractStackTrace ()
UnityEngine.DebugLogHandler:Internal_Log (UnityEngine.LogType,UnityEngine.LogOption,string,UnityEngine.Object)
UnityEngine.DebugLogHandler:LogFormat (UnityEngine.LogType,UnityEngine.Object,string,object[])
UnityEngine.Logger:Log (UnityEngine.LogType,object)
UnityEngine.Debug:LogError (object)
UnityEditor.EditorAssemblies:ProcessInitializeOnLoadAttributes (System.Type[])

[Package Manager] Failed to launch server process. Reason: Unity was launched with the -noUpm command-line argument
[Package Manager] Unable to send message (not connected to server process).
[Package Manager] Cannot connect to Unity Package Manager local server
Refreshing native plugins compatible for Editor in 1.50 ms, found 5 plugins.
System.Reflection.TargetInvocationException: Exception has been thrown by the target of an invocation. ---> System.NullReferenceException: Object reference not set to an instance of an object
  at Unity.Multiplayer.Playmode.Workflow.Editor.ProjectDataStore..ctor (System.String directory) [0x00076] in .\Library\PackageCache\com.unity.multiplayer.playmode@50e3dba5f9d6\Workflow\Editor\Configuration\ProjectDataStore.cs:55 
  at Unity.Multiplayer.Playmode.Workflow.Editor.ProjectDataStore.GetMain () [0x00001] in .\Library\PackageCache\com.unity.multiplayer.playmode@50e3dba5f9d6\Workflow\Editor\Configuration\ProjectDataStore.cs:36 
  at Unity.Multiplayer.Playmode.Workflow.Editor.WorkflowMainEditorContext..ctor (Unity.Multiplayer.Playmode.VirtualProjects.Editor.MainEditorContext mainEditorContext) [0x00030] in .\Library\PackageCache\com.unity.multiplayer.playmode@50e3dba5f9d6\Workflow\Editor\Contexts\WorkflowMainEditorContext.cs:15 
  at Unity.Multiplayer.Playmode.Workflow.Editor.VirtualProjectWorkflow.InitializeMPPMContexts () [0x0001e] in .\Library\PackageCache\com.unity.multiplayer.playmode@50e3dba5f9d6\Workflow\Editor\Workflow\VirtualProjectWorkflow.cs:204 
  at Unity.Multiplayer.Playmode.Workflow.Editor.VirtualProjectWorkflow+<>c.<.cctor>b__22_0 () [0x0003e] in .\Library\PackageCache\com.unity.multiplayer.playmode@50e3dba5f9d6\Workflow\Editor\Workflow\VirtualProjectWorkflow.cs:85 
  at Unity.Multiplayer.Playmode.VirtualProjects.Editor.EditorContexts.SendReadyEvent () [0x00050] in .\Library\PackageCache\com.unity.multiplayer.playmode@50e3dba5f9d6\VirtualProjects\Editor\Contexts\EditorContexts.cs:56 
  at (wrapper managed-to-native) System.Reflection.RuntimeMethodInfo.InternalInvoke(System.Reflection.RuntimeMethodInfo,object,object[],System.Exception&)
  at System.Reflection.RuntimeMethodInfo.Invoke (System.Object obj, System.Reflection.BindingFlags invokeAttr, System.Reflection.Binder binder, System.Object[] parameters, System.Globalization.CultureInfo culture) [0x0006a] in <b9a700c96f8049b6b8601ee661be52d7>:0 
   --- End of inner exception stack trace ---
  at System.Reflection.RuntimeMethodInfo.Invoke (System.Object obj, System.Reflection.BindingFlags invokeAttr, System.Reflection.Binder binder, System.Object[] parameters, System.Globalization.CultureInfo culture) [0x00083] in <b9a700c96f8049b6b8601ee661be52d7>:0 
  at System.Reflection.MethodBase.Invoke (System.Object obj, System.Object[] parameters) [0x00000] in <b9a700c96f8049b6b8601ee661be52d7>:0 
  at UnityEditor.EditorAssemblies.ProcessInitializeOnLoadMethodAttributes () [0x00100] in <0fe63a3768074141b178be580efee9ed>:0 
UnityEngine.Debug:ExtractStackTraceNoAlloc (byte*,int,string)
UnityEngine.StackTraceUtility:ExtractStackTrace ()
UnityEngine.DebugLogHandler:Internal_Log (UnityEngine.LogType,UnityEngine.LogOption,string,UnityEngine.Object)
UnityEngine.DebugLogHandler:LogFormat (UnityEngine.LogType,UnityEngine.Object,string,object[])
UnityEngine.Logger:Log (UnityEngine.LogType,object)
UnityEngine.Debug:LogError (object)
UnityEditor.EditorAssemblies:ProcessInitializeOnLoadMethodAttributes ()

Mirror | mirror-networking.com | discord.gg/N9QVxbM
Mono: successfully reloaded assembly
- Finished resetting the current domain, in  1.233 seconds
Domain Reload Profiling: 2214ms
	BeginReloadAssembly (147ms)
		ExecutionOrderSort (0ms)
		DisableScriptedObjects (5ms)
		BackupInstance (0ms)
		ReleaseScriptingObjects (0ms)
		CreateAndSetChildDomain (25ms)
	RebuildCommonClasses (30ms)
	RebuildNativeTypeToScriptingClass (10ms)
	initialDomainReloadingComplete (25ms)
	LoadAllAssembliesAndSetupDomain (769ms)
		LoadAssemblies (439ms)
		RebuildTransferFunctionScriptingTraits (0ms)
		AnalyzeDomain (412ms)
			TypeCache.Refresh (313ms)
				TypeCache.ScanAssembly (293ms)
			BuildScriptInfoCaches (72ms)
			ResolveRequiredComponents (24ms)
	FinalizeReload (1233ms)
		ReleaseScriptCaches (0ms)
		RebuildScriptCaches (0ms)
		SetupLoadedEditorAssemblies (1105ms)
			LogAssemblyErrors (0ms)
			InitializePlatformSupportModulesInManaged (1ms)
			SetLoadedEditorAssemblies (7ms)
			BeforeProcessingInitializeOnLoad (225ms)
			ProcessInitializeOnLoadAttributes (559ms)
			ProcessInitializeOnLoadMethodAttributes (311ms)
			AfterProcessingInitializeOnLoad (2ms)
			EditorAssembliesLoaded (0ms)
		ExecutionOrderSort2 (0ms)
		AwakeInstancesAfterBackupRestoration (8ms)
Launched and connected shader compiler UnityShaderCompiler.exe after 0.01 seconds
Refreshing native plugins compatible for Editor in 1.24 ms, found 5 plugins.
Preloading 0 native plugins for Editor in 0.00 ms.
Unloading 292 Unused Serialized files (Serialized files now loaded: 0)
Unloading 9199 unused Assets / (5.7 MB). Loaded Objects now: 11890.
Memory consumption went from 215.0 MB to 209.3 MB.
Total: 9.944300 ms (FindLiveObjects: 0.782300 ms CreateObjectMapping: 0.754500 ms MarkObjects: 5.545600 ms  DeleteObjects: 2.860900 ms)

========================================================================
Received Import Request.
  Time since last request: 764.530246 seconds.
  path: Assets/Scenes/Start Scene.unity
  artifactKey: Guid(fa6d68bca1c66a743a0957804b55f3de) Importer(2089858483,192608db42251d675da83286b1cce702)
Start importing Assets/Scenes/Start Scene.unity using Guid(fa6d68bca1c66a743a0957804b55f3de) Importer(2089858483,192608db42251d675da83286b1cce702) (ScriptedImporter) -> (artifact id: '2e1a04f29efbb86a67b0b9afce5aee70') in 0.1520893 seconds
Number of updated asset objects reloaded before import = 0Number of asset objects unloaded after import = 1

========================================================================
Received Import Request.
  Time since last request: 10.809273 seconds.
  path: Assets/Scenes/Start Scene.unity
  artifactKey: Guid(fa6d68bca1c66a743a0957804b55f3de) Importer(2089858483,192608db42251d675da83286b1cce702)
Start importing Assets/Scenes/Start Scene.unity using Guid(fa6d68bca1c66a743a0957804b55f3de) Importer(2089858483,192608db42251d675da83286b1cce702) (ScriptedImporter) -> (artifact id: 'f7f27ba6f87dee1b607fe3d4b2158b6b') in 0.012727 seconds
Number of updated asset objects reloaded before import = 0Number of asset objects unloaded after import = 1

========================================================================
Received Import Request.
  Time since last request: 1246.010342 seconds.
  path: Assets/Game Assets/Prefabs/Dungeon/Room/RoomTemplate.prefab
  artifactKey: Guid(f64b56fed1da03f4b896e40acfbd6437) Importer(815301076,1909f56bfc062723c751e8b465ee728b)
Start importing Assets/Game Assets/Prefabs/Dungeon/Room/RoomTemplate.prefab using Guid(f64b56fed1da03f4b896e40acfbd6437) Importer(815301076,1909f56bfc062723c751e8b465ee728b) (PreviewImporter) -> (artifact id: 'd4179eb7fedb0126750faca2c80f2eb0') in 0.4777922 seconds
Number of updated asset objects reloaded before import = 0Number of asset objects unloaded after import = 38

========================================================================
Received Import Request.
  Time since last request: 1.195278 seconds.
  path: Assets/Game Assets/Prefabs/Dungeon/Room/MyRoom/BossRoom_MyRoom1.prefab
  artifactKey: Guid(339b558eeb8ce3a4bab074cd2e049ffc) Importer(815301076,1909f56bfc062723c751e8b465ee728b)
Start importing Assets/Game Assets/Prefabs/Dungeon/Room/MyRoom/BossRoom_MyRoom1.prefab using Guid(339b558eeb8ce3a4bab074cd2e049ffc) Importer(815301076,1909f56bfc062723c751e8b465ee728b) (PreviewImporter) -> (artifact id: 'e9323b81a6e930fe9e155c043432f703') in 7.7096976 seconds
Number of updated asset objects reloaded before import = 0Number of asset objects unloaded after import = 5610

========================================================================
Received Import Request.
  Time since last request: 0.000041 seconds.
  path: Assets/Game Assets/Prefabs/Dungeon/Room/MyRoom/EntranceRoom_MyRoom_1.prefab
  artifactKey: Guid(56fd3bb54e1900f429daa74759b4dd65) Importer(815301076,1909f56bfc062723c751e8b465ee728b)
Start importing Assets/Game Assets/Prefabs/Dungeon/Room/MyRoom/EntranceRoom_MyRoom_1.prefab using Guid(56fd3bb54e1900f429daa74759b4dd65) Importer(815301076,1909f56bfc062723c751e8b465ee728b) (PreviewImporter) -> (artifact id: '757571c20f01fbfe067e6abe77513c1a') in 0.3330644 seconds
Number of updated asset objects reloaded before import = 0Number of asset objects unloaded after import = 5610

========================================================================
Received Import Request.
  Time since last request: 0.000053 seconds.
  path: Assets/Game Assets/Prefabs/Dungeon/Room/MyRoom/Corridor_EW_1.prefab
  artifactKey: Guid(93fe199e44dd6904da24cff420e7760b) Importer(815301076,1909f56bfc062723c751e8b465ee728b)
Start importing Assets/Game Assets/Prefabs/Dungeon/Room/MyRoom/Corridor_EW_1.prefab using Guid(93fe199e44dd6904da24cff420e7760b) Importer(815301076,1909f56bfc062723c751e8b465ee728b) (PreviewImporter) -> (artifact id: 'ad93b1ec41c6037ebb05de8b66ba29b5') in 0.3152255 seconds
Number of updated asset objects reloaded before import = 0Number of asset objects unloaded after import = 5358

========================================================================
Received Import Request.
  Time since last request: 0.000047 seconds.
  path: Assets/Game Assets/Prefabs/Dungeon/Room/MyRoom/LargeRoom_MyRoom_1 .prefab
  artifactKey: Guid(d8e9135eeb333de41837a739149db45f) Importer(815301076,1909f56bfc062723c751e8b465ee728b)
Start importing Assets/Game Assets/Prefabs/Dungeon/Room/MyRoom/LargeRoom_MyRoom_1 .prefab using Guid(d8e9135eeb333de41837a739149db45f) Importer(815301076,1909f56bfc062723c751e8b465ee728b) (PreviewImporter) -> (artifact id: '8d67ca3f97ed30aab1083260707e6364') in 0.3920395 seconds
Number of updated asset objects reloaded before import = 0Number of asset objects unloaded after import = 5628

========================================================================
Received Import Request.
  Time since last request: 292.528855 seconds.
  path: Assets/Game Assets/Assets/SOAssets/Lvels/Level1 1.asset
  artifactKey: Guid(f8f2e55878cd2bf4d857a579bee915ed) Importer(815301076,1909f56bfc062723c751e8b465ee728b)
Start importing Assets/Game Assets/Assets/SOAssets/Lvels/Level1 1.asset using Guid(f8f2e55878cd2bf4d857a579bee915ed) Importer(815301076,1909f56bfc062723c751e8b465ee728b) (PreviewImporter) -> (artifact id: '8e60bf8f3a2b7dfe5f6fc545d967c3be') in 0.1317334 seconds
Number of updated asset objects reloaded before import = 0Number of asset objects unloaded after import = 465

========================================================================
Received Import Request.
  Time since last request: 16.148093 seconds.
  path: Assets/Game Assets/Assets/SOAssets/MyRooms/Room_ChestRoom1_MyRoom1.asset
  artifactKey: Guid(4260fd985db982d43b0111f2fbb17565) Importer(815301076,1909f56bfc062723c751e8b465ee728b)
Start importing Assets/Game Assets/Assets/SOAssets/MyRooms/Room_ChestRoom1_MyRoom1.asset using Guid(4260fd985db982d43b0111f2fbb17565) Importer(815301076,1909f56bfc062723c751e8b465ee728b) (PreviewImporter) -> (artifact id: '942564f77711b83beab6a3e64d314201') in 0.0444441 seconds
Number of updated asset objects reloaded before import = 0Number of asset objects unloaded after import = 39

========================================================================
Received Import Request.
  Time since last request: 0.000068 seconds.
  path: Assets/Game Assets/Assets/SOAssets/MyRooms/Room_CorriDorEW2_MyRoom1.asset
  artifactKey: Guid(9abeee2a598d10f4a8f5f87464af4295) Importer(815301076,1909f56bfc062723c751e8b465ee728b)
Start importing Assets/Game Assets/Assets/SOAssets/MyRooms/Room_CorriDorEW2_MyRoom1.asset using Guid(9abeee2a598d10f4a8f5f87464af4295) Importer(815301076,1909f56bfc062723c751e8b465ee728b) (PreviewImporter) -> (artifact id: 'd1955b5e1a00b031ada8a90253049168') in 0.0177557 seconds
Number of updated asset objects reloaded before import = 0Number of asset objects unloaded after import = 39

========================================================================
Received Import Request.
  Time since last request: 0.000062 seconds.
  path: Assets/Game Assets/Assets/SOAssets/MyRooms/Room_Cooridor NS_MyRoom1.asset
  artifactKey: Guid(7feb621f1adcadf4fb453ae0fc46fbaa) Importer(815301076,1909f56bfc062723c751e8b465ee728b)
Start importing Assets/Game Assets/Assets/SOAssets/MyRooms/Room_Cooridor NS_MyRoom1.asset using Guid(7feb621f1adcadf4fb453ae0fc46fbaa) Importer(815301076,1909f56bfc062723c751e8b465ee728b) (PreviewImporter) -> (artifact id: '0d1e81ae55a8a387219e5029bd58e9e6') in 0.0246516 seconds
Number of updated asset objects reloaded before import = 0Number of asset objects unloaded after import = 39

========================================================================
Received Import Request.
  Time since last request: 0.000029 seconds.
  path: Assets/Game Assets/Assets/SOAssets/MyRooms/Room_SmallRoom1_MyRoom1.asset
  artifactKey: Guid(4d1860622e9423841a606d68e592fb9d) Importer(815301076,1909f56bfc062723c751e8b465ee728b)
Start importing Assets/Game Assets/Assets/SOAssets/MyRooms/Room_SmallRoom1_MyRoom1.asset using Guid(4d1860622e9423841a606d68e592fb9d) Importer(815301076,1909f56bfc062723c751e8b465ee728b) (PreviewImporter) -> (artifact id: 'b6b4eabcb1cdcc8b46ecff72c92ddb62') in 0.0254307 seconds
Number of updated asset objects reloaded before import = 0Number of asset objects unloaded after import = 464

========================================================================
Received Import Request.
  Time since last request: 0.000047 seconds.
  path: Assets/Game Assets/Assets/SOAssets/MyRooms/Room_EntranceRoom_MyRoom1 2.asset
  artifactKey: Guid(811c72664571f6b4c96ea808b8d5d575) Importer(815301076,1909f56bfc062723c751e8b465ee728b)
Start importing Assets/Game Assets/Assets/SOAssets/MyRooms/Room_EntranceRoom_MyRoom1 2.asset using Guid(811c72664571f6b4c96ea808b8d5d575) Importer(815301076,1909f56bfc062723c751e8b465ee728b) (PreviewImporter) -> (artifact id: 'ae920d60ce20a2282cd6195bfa2047aa') in 0.0784358 seconds
Number of updated asset objects reloaded before import = 0Number of asset objects unloaded after import = 39

========================================================================
Received Import Request.
  Time since last request: 0.000048 seconds.
  path: Assets/Game Assets/Assets/SOAssets/MyRooms/Room_LargeRoom_MyRoom1 1.asset
  artifactKey: Guid(5808a8e89a2dfd045880ca9abae48704) Importer(815301076,1909f56bfc062723c751e8b465ee728b)
Start importing Assets/Game Assets/Assets/SOAssets/MyRooms/Room_LargeRoom_MyRoom1 1.asset using Guid(5808a8e89a2dfd045880ca9abae48704) Importer(815301076,1909f56bfc062723c751e8b465ee728b) (PreviewImporter) -> (artifact id: '59d061cfe8e9eedc1cdc7e20d90475b8') in 0.0565284 seconds
Number of updated asset objects reloaded before import = 0Number of asset objects unloaded after import = 464

========================================================================
Received Import Request.
  Time since last request: 21.006485 seconds.
  path: Assets/Game Assets/Assets/SOAssets/Dungeon/Dungeon Room Node Graph/Level 1/Level 1_2.asset
  artifactKey: Guid(d7c73cbd14429f04aa8ca0755fa5e7b8) Importer(815301076,1909f56bfc062723c751e8b465ee728b)
Start importing Assets/Game Assets/Assets/SOAssets/Dungeon/Dungeon Room Node Graph/Level 1/Level 1_2.asset using Guid(d7c73cbd14429f04aa8ca0755fa5e7b8) Importer(815301076,1909f56bfc062723c751e8b465ee728b) (PreviewImporter) -> (artifact id: '3f6a9393a27ec07e5205afbe8e15a2cf') in 0.0570775 seconds
Number of updated asset objects reloaded before import = 0Number of asset objects unloaded after import = 27

========================================================================
Received Import Request.
  Time since last request: 0.811765 seconds.
  path: Assets/Game Assets/Assets/SOAssets/Dungeon/DungeonRoomNodeType/RoomNodeType_ChestRoom.asset
  artifactKey: Guid(5fe6fe4954843a84290f4a303d051e94) Importer(815301076,1909f56bfc062723c751e8b465ee728b)
Start importing Assets/Game Assets/Assets/SOAssets/Dungeon/DungeonRoomNodeType/RoomNodeType_ChestRoom.asset using Guid(5fe6fe4954843a84290f4a303d051e94) Importer(815301076,1909f56bfc062723c751e8b465ee728b) (PreviewImporter) -> (artifact id: 'bd1aa8873b8facea2cebcb1ccc7aea2c') in 0.0009259 seconds
Number of updated asset objects reloaded before import = 0Number of asset objects unloaded after import = 1

========================================================================
Received Import Request.
  Time since last request: 0.000025 seconds.
  path: Assets/Game Assets/Assets/SOAssets/Dungeon/DungeonRoomNodeType/RoomNodeType_Entrance.asset
  artifactKey: Guid(dc81bc028fddfa4428ec3b8caafdf7f7) Importer(815301076,1909f56bfc062723c751e8b465ee728b)
Start importing Assets/Game Assets/Assets/SOAssets/Dungeon/DungeonRoomNodeType/RoomNodeType_Entrance.asset using Guid(dc81bc028fddfa4428ec3b8caafdf7f7) Importer(815301076,1909f56bfc062723c751e8b465ee728b) (PreviewImporter) -> (artifact id: 'c3f0c87ba478e5b116e53a6695fed351') in 0.0365224 seconds
Number of updated asset objects reloaded before import = 0Number of asset objects unloaded after import = 1

========================================================================
Received Import Request.
  Time since last request: 0.000036 seconds.
  path: Assets/Game Assets/Assets/SOAssets/Dungeon/DungeonRoomNodeType/RoomNodeType_MediumRoom.asset
  artifactKey: Guid(5fb9234069d20b94493e996e7f4cf595) Importer(815301076,1909f56bfc062723c751e8b465ee728b)
Start importing Assets/Game Assets/Assets/SOAssets/Dungeon/DungeonRoomNodeType/RoomNodeType_MediumRoom.asset using Guid(5fb9234069d20b94493e996e7f4cf595) Importer(815301076,1909f56bfc062723c751e8b465ee728b) (PreviewImporter) -> (artifact id: '8dd353c924157a7775b777971a0df401') in 0.0012957 seconds
Number of updated asset objects reloaded before import = 0Number of asset objects unloaded after import = 1

========================================================================
Received Import Request.
  Time since last request: 0.000024 seconds.
  path: Assets/Game Assets/Assets/SOAssets/Dungeon/DungeonRoomNodeType/RoomNodeType_SmallRoom.asset
  artifactKey: Guid(b4decff1a3a915a4cb315b49dbafb3c9) Importer(815301076,1909f56bfc062723c751e8b465ee728b)
Start importing Assets/Game Assets/Assets/SOAssets/Dungeon/DungeonRoomNodeType/RoomNodeType_SmallRoom.asset using Guid(b4decff1a3a915a4cb315b49dbafb3c9) Importer(815301076,1909f56bfc062723c751e8b465ee728b) (PreviewImporter) -> (artifact id: 'd2e6b666ab17ca6f6e764fe2d4ccfb74') in 0.002222 seconds
Number of updated asset objects reloaded before import = 0Number of asset objects unloaded after import = 1

